<?xml version="1.0" encoding="UTF-8"?>
<testsuite xmlns:xsi="http://www.w3.org/2001/XMLSchema-instance" xsi:noNamespaceSchemaLocation="https://maven.apache.org/surefire/maven-surefire-plugin/xsd/surefire-test-report.xsd" name="org.acme.resteasy.ExampleResourceTest" time="0.001" tests="1" errors="0" skipped="1" failures="0">
  <properties>
[...]
</properties>
  <testcase name="testHelloEndpoint" classname="org.acme.resteasy.ExampleResourceTest" time="0">
    <skipped message="Boot failed" type="org.opentest4j.TestAbortedException">org.opentest4j.TestAbortedException: Boot failed
</skipped>
  </testcase>
</testsuite>